<?xml version="1.0" encoding="UTF-8"?>
<testng-results skipped="0" failed="0" total="1" passed="1">
  <reporter-output>
  </reporter-output>
  <suite name="Suite" duration-ms="16233" started-at="2021-06-18T10:57:28Z" finished-at="2021-06-18T10:57:44Z">
    <groups>
    </groups>
    <test name="Test" duration-ms="16233" started-at="2021-06-18T10:57:28Z" finished-at="2021-06-18T10:57:44Z">
      <class name="com.rameshsoft.businessScripts.SampleTest">
        <test-method status="PASS" signature="testOne()[pri:0, instance:com.rameshsoft.businessScripts.SampleTest@26ba2a48]" name="testOne" duration-ms="16218" started-at="2021-06-18T16:27:28Z" finished-at="2021-06-18T16:27:44Z">
          <reporter-output>
          </reporter-output>
        </test-method> <!-- testOne -->
      </class> <!-- com.rameshsoft.businessScripts.SampleTest -->
    </test> <!-- Test -->
  </suite> <!-- Suite -->
</testng-results>
